<?xml version="1.0" encoding="UTF-8"?>
<testsuite xmlns:xsi="http://www.w3.org/2001/XMLSchema-instance" xsi:noNamespaceSchemaLocation="https://maven.apache.org/surefire/maven-surefire-plugin/xsd/surefire-test-report.xsd" version="3.0.1" name="com.ln.test.LoanIntrestTest" time="9.124" tests="6" errors="0" skipped="0" failures="0">
  <properties>
[...]
</properties>
  <testcase name="testsPallendromeWithValidInputs" classname="com.ln.test.LoanIntrestTest" time="0.033">
    <system-out><![CDATA[LoanIntrestTest.setUp()
LoanIntrestTest.afterTest()
]]></system-out>
  </testcase>
  <testcase name="testCalCompoundIntrestWithSmallValue" classname="com.ln.test.LoanIntrestTest" time="3.015">
    <system-out><![CDATA[LoanIntrestTest.afterTest()
]]></system-out>
  </testcase>
  <testcase name="testsPallendromeWithInValidInputs" classname="com.ln.test.LoanIntrestTest" time="0.001">
    <system-out><![CDATA[LoanIntrestTest.afterTest()
]]></system-out>
  </testcase>
  <testcase name="testCalCompoundIntrestWithBigValue" classname="com.ln.test.LoanIntrestTest" time="3.008">
    <system-out><![CDATA[LoanIntrestTest.afterTest()
]]></system-out>
  </testcase>
  <testcase name="testCalCompoundIntrestTimer" classname="com.ln.test.LoanIntrestTest" time="3.018">
    <system-out><![CDATA[LoanIntrestTest.afterTest()
]]></system-out>
  </testcase>
  <testcase name="testCalCompoundIntrestWithZeroOrNegetiveValues" classname="com.ln.test.LoanIntrestTest" time="0.003">
    <system-out><![CDATA[LoanIntrestTest.afterTest()
]]></system-out>
  </testcase>
</testsuite>